<?xml version="1.0" encoding="utf-8" standalone="no"?>
<test-results xmlns:xsi="http://www.w3.org/2001/XMLSchema-instance" xsi:noNamespaceSchemaLocation="nunit_schema_2.5.xsd" name="Pester" total="10" errors="0" failures="2" not-run="0" inconclusive="0" ignored="0" skipped="6" invalid="0" date="2022-02-25" time="20:20:29">
  <environment os-version="21.3.0" machine-name="Corys-MacBook-Pro.local" clr-version="Unknown" cwd="/Users/coryknox/git/Pester" nunit-version="2.5.8.0" platform="Darwin" user="coryknox" user-domain="" />
  <culture-info current-culture="en-CA" current-uiculture="en-CA" />
  <test-suite type="TestFixture" name="Pester" executed="True" result="Failure" success="False" time="0.7837" asserts="0" description="Pester">
    <results>
      <test-suite type="TestFixture" name="/Users/coryknox/git/Pester/testing/mine.tests.ps1" executed="True" result="Failure" success="False" time="0.7837" asserts="0" description="/Users/coryknox/git/Pester/testing/mine.tests.ps1">
        <results>
          <test-suite type="TestFixture" name="All The Tests" executed="True" result="Failure" success="False" time="0.3719" asserts="0" description="All The Tests">
            <results>
              <test-suite type="TestFixture" name="All The Tests.Reasons" executed="True" result="Failure" success="False" time="0.2407" asserts="0" description="All The Tests.Reasons">
                <results>
                  <test-case description="Skips..." name="All The Tests.Reasons.Skips..." time="0.1194" asserts="0" success="False" result="Ignored" executed="False" />
                  <test-case description="Does not skip" name="All The Tests.Reasons.Does not skip" time="0.0293" asserts="0" success="True" result="Success" executed="True" />
                  <test-case description="is Inconclusive" name="All The Tests.Reasons.is Inconclusive" time="0.0155" asserts="0" success="False" result="Ignored" executed="False" />
                  <test-case description="is Pending" name="All The Tests.Reasons.is Pending" time="0.0069" asserts="0" success="False" result="Ignored" executed="False" />
                  <test-case description="is Failed!" name="All The Tests.Reasons.is Failed!" time="0.0478" asserts="0" success="False" result="Failure" executed="True">
                    <failure>
                      <message>Expected $false, because I am failed test, but got $true.</message>
                      <stack-trace>at $true | Should -BeFalse -Because 'I am failed test', /Users/coryknox/git/Pester/testing/mine.tests.ps1:17
at &lt;ScriptBlock&gt;, /Users/coryknox/git/Pester/testing/mine.tests.ps1:17</stack-trace>
                    </failure>
                  </test-case>
                </results>
              </test-suite>
              <test-suite type="TestFixture" name="All The Tests.No Reasons" executed="True" result="Failure" success="False" time="0.3621" asserts="0" description="All The Tests.No Reasons">
                <results>
                  <test-case description="Skips..." name="All The Tests.No Reasons.Skips..." time="0.0064" asserts="0" success="False" result="Ignored" executed="False" />
                  <test-case description="Does not skip" name="All The Tests.No Reasons.Does not skip" time="0.0041" asserts="0" success="True" result="Success" executed="True" />
                  <test-case description="is Inconclusive" name="All The Tests.No Reasons.is Inconclusive" time="0.0166" asserts="0" success="False" result="Ignored" executed="False" />
                  <test-case description="is Pending" name="All The Tests.No Reasons.is Pending" time="0.0127" asserts="0" success="False" result="Ignored" executed="False" />
                  <test-case description="is Failed!" name="All The Tests.No Reasons.is Failed!" time="0.0753" asserts="0" success="False" result="Failure" executed="True">
                    <failure>
                      <message>Expected $false, but got $true.</message>
                      <stack-trace>at $true | Should -BeFalse, /Users/coryknox/git/Pester/testing/mine.tests.ps1:34
at &lt;ScriptBlock&gt;, /Users/coryknox/git/Pester/testing/mine.tests.ps1:34</stack-trace>
                    </failure>
                  </test-case>
                </results>
              </test-suite>
            </results>
          </test-suite>
        </results>
      </test-suite>
    </results>
  </test-suite>
</test-results>